# JRE version: Java(TM) SE Runtime Environment (8.0_60-b27) (build 1.8.0_60-b27)
# Java VM: Java HotSpot(TM) 64-Bit Server VM (25.60-b23 mixed mode bsd-amd64 compressed oops)
Heap:
 PSYoungGen      total 77824K, used 10590K [0x00000007aab00000, 0x00000007b4300000, 0x00000007c0000000)
  eden space 65024K, 13% used [0x00000007aab00000,0x00000007ab372a60,0x00000007aea80000)
  from space 12800K, 15% used [0x00000007aea80000,0x00000007aec65050,0x00000007af700000)
  to   space 12800K, 0% used [0x00000007b3680000,0x00000007b3680000,0x00000007b4300000)
 ParOldGen       total 44032K, used 24315K [0x0000000780000000, 0x0000000782b00000, 0x00000007aab00000)
  object space 44032K, 55% used [0x0000000780000000,0x00000007817bef38,0x0000000782b00000)
 Metaspace       used 19666K, capacity 19894K, committed 20352K, reserved 1067008K
  class space    used 2293K, capacity 2357K, committed 2432K, reserved 1048576K
GC Heap History (10 events):
Event: 7.178 GC heap before
{Heap before GC invocations=3 (full 0):
 PSYoungGen      total 18944K, used 18921K [0x00000007aab00000, 0x00000007ad000000, 0x00000007c0000000)
  eden space 16384K, 99% used [0x00000007aab00000,0x00000007abaffae0,0x00000007abb00000)
  from space 2560K, 99% used [0x00000007acd80000,0x00000007acffaad0,0x00000007ad000000)
  to   space 2560K, 0% used [0x00000007abb00000,0x00000007abb00000,0x00000007abd80000)
 ParOldGen       total 44032K, used 8114K [0x0000000780000000, 0x0000000782b00000, 0x00000007aab00000)
  object space 44032K, 18% used [0x0000000780000000,0x00000007807eca68,0x0000000782b00000)
 Metaspace       used 18549K, capacity 18832K, committed 19328K, reserved 1067008K
  class space    used 2244K, capacity 2324K, committed 2432K, reserved 1048576K
Event: 7.208 GC heap after
Heap after GC invocations=3 (full 0):
 PSYoungGen      total 18944K, used 2541K [0x00000007aab00000, 0x00000007ad000000, 0x00000007c0000000)
  eden space 16384K, 0% used [0x00000007aab00000,0x00000007aab00000,0x00000007abb00000)
  from space 2560K, 99% used [0x00000007abb00000,0x00000007abd7b4b0,0x00000007abd80000)
  to   space 2560K, 0% used [0x00000007acd80000,0x00000007acd80000,0x00000007ad000000)
 ParOldGen       total 44032K, used 15845K [0x0000000780000000, 0x0000000782b00000, 0x00000007aab00000)
  object space 44032K, 35% used [0x0000000780000000,0x0000000780f79620,0x0000000782b00000)
 Metaspace       used 18549K, capacity 18832K, committed 19328K, reserved 1067008K
  class space    used 2244K, capacity 2324K, committed 2432K, reserved 1048576K
}
Event: 7.515 GC heap before
{Heap before GC invocations=4 (full 0):
 PSYoungGen      total 18944K, used 18925K [0x00000007aab00000, 0x00000007ad000000, 0x00000007c0000000)
  eden space 16384K, 100% used [0x00000007aab00000,0x00000007abb00000,0x00000007abb00000)
  from space 2560K, 99% used [0x00000007abb00000,0x00000007abd7b4b0,0x00000007abd80000)
  to   space 2560K, 0% used [0x00000007acd80000,0x00000007acd80000,0x00000007ad000000)
 ParOldGen       total 44032K, used 15845K [0x0000000780000000, 0x0000000782b00000, 0x00000007aab00000)
  object space 44032K, 35% used [0x0000000780000000,0x0000000780f79620,0x0000000782b00000)
 Metaspace       used 18549K, capacity 18832K, committed 19328K, reserved 1067008K
  class space    used 2244K, capacity 2324K, committed 2432K, reserved 1048576K
Event: 7.522 GC heap after
Heap after GC invocations=4 (full 0):
 PSYoungGen      total 35328K, used 2541K [0x00000007aab00000, 0x00000007ad000000, 0x00000007c0000000)
  eden space 32768K, 0% used [0x00000007aab00000,0x00000007aab00000,0x00000007acb00000)
  from space 2560K, 99% used [0x00000007acd80000,0x00000007acffb4b0,0x00000007ad000000)
  to   space 2560K, 0% used [0x00000007acb00000,0x00000007acb00000,0x00000007acd80000)
 ParOldGen       total 44032K, used 15885K [0x0000000780000000, 0x0000000782b00000, 0x00000007aab00000)
  object space 44032K, 36% used [0x0000000780000000,0x0000000780f83650,0x0000000782b00000)
 Metaspace       used 18549K, capacity 18832K, committed 19328K, reserved 1067008K
  class space    used 2244K, capacity 2324K, committed 2432K, reserved 1048576K
}
Event: 8.152 GC heap before
{Heap before GC invocations=5 (full 0):
 PSYoungGen      total 35328K, used 35309K [0x00000007aab00000, 0x00000007ad000000, 0x00000007c0000000)
  eden space 32768K, 100% used [0x00000007aab00000,0x00000007acb00000,0x00000007acb00000)
  from space 2560K, 99% used [0x00000007acd80000,0x00000007acffb4b0,0x00000007ad000000)
  to   space 2560K, 0% used [0x00000007acb00000,0x00000007acb00000,0x00000007acd80000)
 ParOldGen       total 44032K, used 15885K [0x0000000780000000, 0x0000000782b00000, 0x00000007aab00000)
  object space 44032K, 36% used [0x0000000780000000,0x0000000780f83650,0x0000000782b00000)
 Metaspace       used 18567K, capacity 18832K, committed 19328K, reserved 1067008K
  class space    used 2247K, capacity 2324K, committed 2432K, reserved 1048576K
Event: 8.172 GC heap after
Heap after GC invocations=5 (full 0):
 PSYoungGen      total 35328K, used 2541K [0x00000007aab00000, 0x00000007b0300000, 0x00000007c0000000)
  eden space 32768K, 0% used [0x00000007aab00000,0x00000007aab00000,0x00000007acb00000)
  from space 2560K, 99% used [0x00000007acb00000,0x00000007acd7b4b0,0x00000007acd80000)
  to   space 12288K, 0% used [0x00000007af700000,0x00000007af700000,0x00000007b0300000)
 ParOldGen       total 44032K, used 22193K [0x0000000780000000, 0x0000000782b00000, 0x00000007aab00000)
  object space 44032K, 50% used [0x0000000780000000,0x00000007815ac710,0x0000000782b00000)
 Metaspace       used 18567K, capacity 18832K, committed 19328K, reserved 1067008K
  class space    used 2247K, capacity 2324K, committed 2432K, reserved 1048576K
}
Event: 8.699 GC heap before
{Heap before GC invocations=6 (full 0):
 PSYoungGen      total 35328K, used 33489K [0x00000007aab00000, 0x00000007b0300000, 0x00000007c0000000)
  eden space 32768K, 94% used [0x00000007aab00000,0x00000007ac939310,0x00000007acb00000)
  from space 2560K, 99% used [0x00000007acb00000,0x00000007acd7b4b0,0x00000007acd80000)
  to   space 12288K, 0% used [0x00000007af700000,0x00000007af700000,0x00000007b0300000)
 ParOldGen       total 44032K, used 22193K [0x0000000780000000, 0x0000000782b00000, 0x00000007aab00000)
  object space 44032K, 50% used [0x0000000780000000,0x00000007815ac710,0x0000000782b00000)
 Metaspace       used 18568K, capacity 18832K, committed 19328K, reserved 1067008K
  class space    used 2247K, capacity 2324K, committed 2432K, reserved 1048576K
Event: 8.706 GC heap after
Heap after GC invocations=6 (full 0):
 PSYoungGen      total 77312K, used 2605K [0x00000007aab00000, 0x00000007b0400000, 0x00000007c0000000)
  eden space 65024K, 0% used [0x00000007aab00000,0x00000007aab00000,0x00000007aea80000)
  from space 12288K, 21% used [0x00000007af700000,0x00000007af98b4b0,0x00000007b0300000)
  to   space 12800K, 0% used [0x00000007aea80000,0x00000007aea80000,0x00000007af700000)
 ParOldGen       total 44032K, used 22193K [0x0000000780000000, 0x0000000782b00000, 0x00000007aab00000)
  object space 44032K, 50% used [0x0000000780000000,0x00000007815ac710,0x0000000782b00000)
 Metaspace       used 18568K, capacity 18832K, committed 19328K, reserved 1067008K
  class space    used 2247K, capacity 2324K, committed 2432K, reserved 1048576K
}
Event: 10.264 GC heap before
{Heap before GC invocations=7 (full 0):
 PSYoungGen      total 77312K, used 67629K [0x00000007aab00000, 0x00000007b0400000, 0x00000007c0000000)
  eden space 65024K, 100% used [0x00000007aab00000,0x00000007aea80000,0x00000007aea80000)
  from space 12288K, 21% used [0x00000007af700000,0x00000007af98b4b0,0x00000007b0300000)
  to   space 12800K, 0% used [0x00000007aea80000,0x00000007aea80000,0x00000007af700000)
 ParOldGen       total 44032K, used 22193K [0x0000000780000000, 0x0000000782b00000, 0x00000007aab00000)
  object space 44032K, 50% used [0x0000000780000000,0x00000007815ac710,0x0000000782b00000)
 Metaspace       used 18764K, capacity 19024K, committed 19328K, reserved 1067008K
  class space    used 2250K, capacity 2324K, committed 2432K, reserved 1048576K
Event: 10.277 GC heap after
Heap after GC invocations=7 (full 0):
 PSYoungGen      total 77824K, used 1940K [0x00000007aab00000, 0x00000007b4300000, 0x00000007c0000000)
  eden space 65024K, 0% used [0x00000007aab00000,0x00000007aab00000,0x00000007aea80000)
  from space 12800K, 15% used [0x00000007aea80000,0x00000007aec65050,0x00000007af700000)
  to   space 12800K, 0% used [0x00000007b3680000,0x00000007b3680000,0x00000007b4300000)
 ParOldGen       total 44032K, used 24315K [0x0000000780000000, 0x0000000782b00000, 0x00000007aab00000)
  object space 44032K, 55% used [0x0000000780000000,0x00000007817bef38,0x0000000782b00000)
 Metaspace       used 18764K, capacity 19024K, committed 19328K, reserved 1067008K
  class space    used 2250K, capacity 2324K, committed 2432K, reserved 1048576K
}

